Build started 11/17/2015 6:00:11 PM.
     1>Project "D:\studia\praca magisterska\Program_wpomagania_decyzji\Program_wpomagania_decyzji\Program_wpomagania_decyzji.vcxproj" on node 2 (build target(s)).
     1>InitializeBuildStatus:
         Creating "Debug\Program_wpomagania_decyzji.unsuccessfulbuild" because "AlwaysCreate" was specified.
       ClCompile:
         D:\Programowanie C++\Visual_Studio_2010\VC\bin\CL.exe /c /ZI /nologo /W3 /WX- /Od /Oy- /D WIN32 /D _DEBUG /D _CONSOLE /D _UNICODE /D UNICODE /Gm /EHsc /RTC1 /MDd /GS /fp:precise /Zc:wchar_t /Zc:forScope /Fo"Debug\\" /Fd"Debug\vc100.pdb" /Gd /TP /analyze- /errorReport:prompt Program.cpp
         Program.cpp
     1>d:\studia\praca magisterska\program_wpomagania_decyzji\program_wpomagania_decyzji\program.cpp(1): warning C4067: unexpected tokens following preprocessor directive - expected a newline
       ManifestResourceCompile:
         All outputs are up-to-date.
       Link:
         D:\Programowanie C++\Visual_Studio_2010\VC\bin\link.exe /ERRORREPORT:PROMPT /OUT:"D:\studia\praca magisterska\Program_wpomagania_decyzji\Debug\Program_wpomagania_decyzji.exe" /INCREMENTAL /NOLOGO kernel32.lib user32.lib gdi32.lib winspool.lib comdlg32.lib advapi32.lib shell32.lib ole32.lib oleaut32.lib uuid.lib odbc32.lib odbccp32.lib /MANIFEST /ManifestFile:"Debug\Program_wpomagania_decyzji.exe.intermediate.manifest" /MANIFESTUAC:"level='asInvoker' uiAccess='false'" /DEBUG /PDB:"D:\studia\praca magisterska\Program_wpomagania_decyzji\Debug\Program_wpomagania_decyzji.pdb" /SUBSYSTEM:CONSOLE /TLBID:1 /DYNAMICBASE /NXCOMPAT /IMPLIB:"D:\studia\praca magisterska\Program_wpomagania_decyzji\Debug\Program_wpomagania_decyzji.lib" /MACHINE:X86 Debug\Program_wpomagania_decyzji.exe.embed.manifest.res
         Debug\Program.obj
       Manifest:
         C:\Program Files (x86)\Microsoft SDKs\Windows\v7.0A\bin\mt.exe /nologo /verbose /out:"Debug\Program_wpomagania_decyzji.exe.embed.manifest" /manifest Debug\Program_wpomagania_decyzji.exe.intermediate.manifest
         All outputs are up-to-date.
       LinkEmbedManifest:
         All outputs are up-to-date.
         Program_wpomagania_decyzji.vcxproj -> D:\studia\praca magisterska\Program_wpomagania_decyzji\Debug\Program_wpomagania_decyzji.exe
       FinalizeBuildStatus:
         Deleting file "Debug\Program_wpomagania_decyzji.unsuccessfulbuild".
         Touching "Debug\Program_wpomagania_decyzji.lastbuildstate".
     1>Done Building Project "D:\studia\praca magisterska\Program_wpomagania_decyzji\Program_wpomagania_decyzji\Program_wpomagania_decyzji.vcxproj" (build target(s)).

Build succeeded.

Time Elapsed 00:00:10.04
